<?xml version="1.0" encoding="UTF-8"?>
<testng-results ignored="0" total="1" passed="1" failed="0" skipped="0">
  <reporter-output>
  </reporter-output>
  <suite started-at="2020-10-29T02:44:18Z" name="Default suite" finished-at="2020-10-29T02:45:06Z" duration-ms="47930">
    <groups>
    </groups>
    <test started-at="2020-10-29T02:44:18Z" name="Default test" finished-at="2020-10-29T02:45:06Z" duration-ms="47930">
      <class name="test.Testlogin">
        <test-method signature="validateHomePageTitle()[pri:0, instance:test.Testlogin@5456afaa]" started-at="2020-10-28T19:44:18Z" name="validateHomePageTitle" finished-at="2020-10-28T19:45:06Z" duration-ms="47886" status="PASS">
          <reporter-output>
          </reporter-output>
        </test-method> <!-- validateHomePageTitle -->
      </class> <!-- test.Testlogin -->
    </test> <!-- Default test -->
  </suite> <!-- Default suite -->
</testng-results>
